<?xml version="1.0" encoding="UTF-8"?>
<!-- Generated by org.testng.reporters.JUnitXMLReporter -->
<testsuite ignored="0" hostname="LTIN207107" failures="0" tests="13" name="Default test" time="0.223" errors="0" timestamp="2024-02-24T00:22:08 IST">
  <testcase classname="factory.BaseClass" name="@BeforeTest setUp" time="-1.708714328125E9">
    <failure type="org.testng.TestNGException" message="
Parameter &amp;apos;browser&amp;apos; is required by BeforeTest on method setUp but has not been marked @Optional or defined
in C:\Users\2303920\AppData\Local\Temp\2\testng-eclipse-1858767350\testng-customsuite.xml">
      <![CDATA[org.testng.TestNGException: 
Parameter 'browser' is required by BeforeTest on method setUp but has not been marked @Optional or defined
in C:\Users\2303920\AppData\Local\Temp\2\testng-eclipse-1858767350\testng-customsuite.xml
at org.testng.internal.Parameters.createParams(Parameters.java:267)
at org.testng.internal.Parameters.createParametersForMethod(Parameters.java:355)
at org.testng.internal.Parameters.createParameters(Parameters.java:684)
at org.testng.internal.Parameters.createConfigurationParameters(Parameters.java:166)
at org.testng.internal.invokers.ConfigInvoker.invokeConfigurations(ConfigInvoker.java:306)
at org.testng.TestRunner.invokeTestConfigurations(TestRunner.java:663)
at org.testng.TestRunner.beforeRun(TestRunner.java:652)
at org.testng.TestRunner.run(TestRunner.java:614)
at org.testng.SuiteRunner.runTest(SuiteRunner.java:443)
at org.testng.SuiteRunner.runSequentially(SuiteRunner.java:437)
at org.testng.SuiteRunner.privateRun(SuiteRunner.java:397)
at org.testng.SuiteRunner.run(SuiteRunner.java:336)
at org.testng.SuiteRunnerWorker.runSuite(SuiteRunnerWorker.java:52)
at org.testng.SuiteRunnerWorker.run(SuiteRunnerWorker.java:95)
at org.testng.TestNG.runSuitesSequentially(TestNG.java:1280)
at org.testng.TestNG.runSuitesLocally(TestNG.java:1200)
at org.testng.TestNG.runSuites(TestNG.java:1114)
at org.testng.TestNG.run(TestNG.java:1082)
at org.testng.remote.AbstractRemoteTestNG.run(AbstractRemoteTestNG.java:115)
at org.testng.remote.RemoteTestNG.initAndRun(RemoteTestNG.java:251)
at org.testng.remote.RemoteTestNG.main(RemoteTestNG.java:77)
]]>
    </failure>
  </testcase> <!-- @BeforeTest setUp -->
  <testcase classname="factory.BaseClass" name="@AfterTest tearDown" time="0.0">
    <skipped/>
  </testcase> <!-- @AfterTest tearDown -->
  <testcase classname="TestCases.TC_02_Doctor_Detail" name="click" time="0.0">
    <skipped/>
  </testcase> <!-- click -->
  <testcase classname="TestCases.TC_02_Doctor_Detail" name="select_patientStory" time="0.0">
    <skipped/>
  </testcase> <!-- select_patientStory -->
  <testcase classname="TestCases.TC_02_Doctor_Detail" name="clickExperience" time="0.0">
    <skipped/>
  </testcase> <!-- clickExperience -->
  <testcase classname="TestCases.TC_02_Doctor_Detail" name="selectExperience" time="0.0">
    <skipped/>
  </testcase> <!-- selectExperience -->
  <testcase classname="TestCases.TC_02_Doctor_Detail" name="selectFilter" time="0.0">
    <skipped/>
  </testcase> <!-- selectFilter -->
  <testcase classname="TestCases.TC_02_Doctor_Detail" name="clickSort" time="0.0">
    <skipped/>
  </testcase> <!-- clickSort -->
  <testcase classname="TestCases.TC_02_Doctor_Detail" name="selectRelevance" time="0.0">
    <skipped/>
  </testcase> <!-- selectRelevance -->
  <testcase classname="TestCases.TC_02_Doctor_Detail" name="scrollDown" time="0.0">
    <skipped/>
  </testcase> <!-- scrollDown -->
  <testcase classname="TestCases.TC_02_Doctor_Detail" name="getDoctorName" time="0.0">
    <skipped/>
  </testcase> <!-- getDoctorName -->
  <testcase classname="TestCases.TC_02_Doctor_Detail" name="getDoctorExperience" time="0.0">
    <skipped/>
  </testcase> <!-- getDoctorExperience -->
  <testcase classname="TestCases.TC_02_Doctor_Detail" name="getClinicName" time="0.0">
    <skipped/>
  </testcase> <!-- getClinicName -->
  <testcase classname="TestCases.TC_02_Doctor_Detail" name="getPracticeLocality" time="0.0">
    <skipped/>
  </testcase> <!-- getPracticeLocality -->
  <testcase classname="TestCases.TC_02_Doctor_Detail" name="getConsultationFee" time="0.0">
    <skipped/>
  </testcase> <!-- getConsultationFee -->
</testsuite> <!-- Default test -->
