<?xml version="1.0" encoding="UTF-8"?>
<!-- Generated by org.testng.reporters.JUnitXMLReporter -->
<testsuite ignored="6" hostname="LTIN207107" failures="3" tests="22" name="CTest" time="264.095" errors="0" timestamp="2024-02-23T11:06:50 IST">
  <testcase classname="TestCases.TC_01_homePage" name="Search_For_Doctor" time="3.323"/>
  <testcase classname="TestCases.TC_01_homePage" name="Select_Location" time="1.066"/>
  <testcase classname="TestCases.TC_01_homePage" name="Select_Area" time="0.384"/>
  <testcase classname="TestCases.TC_01_homePage" name="Enter_Speciality" time="3.316"/>
  <testcase classname="TestCases.TC_01_homePage" name="Select_doctor" time="7.555"/>
  <testcase classname="TestCases.TC_02_Doctor_Detail" name="click" time="0.172"/>
  <testcase classname="TestCases.TC_02_Doctor_Detail" name="select_patientStory" time="5.473"/>
  <testcase classname="TestCases.TC_02_Doctor_Detail" name="clickExperience" time="0.118"/>
  <testcase classname="TestCases.TC_02_Doctor_Detail" name="selectExperience" time="5.538"/>
  <testcase classname="TestCases.TC_02_Doctor_Detail" name="selectFilter" time="38.445"/>
  <testcase classname="TestCases.TC_02_Doctor_Detail" name="clickSort" time="28.555"/>
  <testcase classname="TestCases.TC_02_Doctor_Detail" name="selectRelevance" time="39.566"/>
  <testcase classname="TestCases.TC_02_Doctor_Detail" name="getDoctorName" time="2.324">
    <failure type="java.lang.NullPointerException" message="Cannot invoke &amp;quot;org.apache.poi.xssf.usermodel.XSSFRow.createCell(int)&amp;quot; because &amp;quot;ExcelUtils.inputUtils.row&amp;quot; is null">
      <![CDATA[java.lang.NullPointerException: Cannot invoke "org.apache.poi.xssf.usermodel.XSSFRow.createCell(int)" because "ExcelUtils.inputUtils.row" is null
at ExcelUtils.inputUtils.setCellDataAgain(inputUtils.java:39)
at pageObjects.DoctorsDetail.Top_Five_Doctor_Name(DoctorsDetail.java:120)
at TestCases.TC_02_Doctor_Detail.getDoctorName(TC_02_Doctor_Detail.java:57)
at java.base/java.util.ArrayList.forEach(ArrayList.java:1511)
... Removed 27 stack frames]]>
    </failure>
  </testcase> <!-- getDoctorName -->
  <testcase classname="TestCases.TC_02_Doctor_Detail" name="getDoctorExperience" time="0.273"/>
  <testcase classname="TestCases.TC_03_surgeryPage" name="Click_On_surgery" time="6.554"/>
  <testcase classname="TestCases.TC_03_surgeryPage" name="pageScroll" time="5.006">
    <failure type="java.lang.NullPointerException" message="Cannot invoke &amp;quot;org.openqa.selenium.JavascriptExecutor.executeScript(String, Object[])&amp;quot; because &amp;quot;js&amp;quot; is null">
      <![CDATA[java.lang.NullPointerException: Cannot invoke "org.openqa.selenium.JavascriptExecutor.executeScript(String, Object[])" because "js" is null
at pageObjects.SurgeryPage.Scroll(SurgeryPage.java:35)
at TestCases.TC_03_surgeryPage.pageScroll(TC_03_surgeryPage.java:26)
at java.base/java.util.ArrayList.forEach(ArrayList.java:1511)
... Removed 27 stack frames]]>
    </failure>
  </testcase> <!-- pageScroll -->
  <testcase classname="TestCases.TC_03_surgeryPage" name="Get_surgery_list" time="1.59"/>
  <testcase classname="TestCases.TC_04_CorporateWellness" name="corporateLink" time="33.495"/>
  <testcase classname="TestCases.TC_04_CorporateWellness" name="details" time="0.855"/>
  <testcase classname="TestCases.TC_04_CorporateWellness" name="sizeOfOrganization" time="0.323"/>
  <testcase classname="TestCases.TC_04_CorporateWellness" name="interest" time="0.264"/>
  <testcase classname="TestCases.TC_04_CorporateWellness" name="ClickSubmit" time="34.299">
    <failure type="org.openqa.selenium.NoSuchElementException" message="no such element: Unable to locate element: {&amp;quot;method&amp;quot;:&amp;quot;xpath&amp;quot;,&amp;quot;selector&amp;quot;:&amp;quot;//div[@class=&amp;apos;u-text--bold text-alpha&amp;apos;]&amp;quot;}
  (Session info: chrome=118.0.5993.71)
For documentation on this error, please visit: https://www.selenium.dev/documentation/webdriver/troubleshooting/errors#no-such-element-exception
Build info: version: &amp;apos;4.17.0&amp;apos;, revision: &amp;apos;e52b1be057*&amp;apos;
System info: os.name: &amp;apos;Windows 11&amp;apos;, os.arch: &amp;apos;amd64&amp;apos;, os.version: &amp;apos;10.0&amp;apos;, java.version: &amp;apos;17.0.2&amp;apos;
Driver info: org.openqa.selenium.chrome.ChromeDriver
Command: [cfbf8d22f9158fc5c0603cb7cda232f2, findElement {value=//div[@class=&amp;apos;u-text--bold text-alpha&amp;apos;], using=xpath}]
Capabilities {acceptInsecureCerts: false, browserName: chrome, browserVersion: 118.0.5993.71, chrome: {chromedriverVersion: 118.0.5993.70 (e52f33f30b91..., userDataDir: C:\Windows\SystemTemp\scope...}, fedcm:accounts: true, goog:chromeOptions: {debuggerAddress: localhost:61850}, networkConnectionEnabled: false, pageLoadStrategy: normal, platformName: windows, proxy: Proxy(), se:cdp: ws://localhost:61850/devtoo..., se:cdpVersion: 118.0.5993.71, setWindowRect: true, strictFileInteractability: false, timeouts: {implicit: 0, pageLoad: 300000, script: 30000}, unhandledPromptBehavior: dismiss and notify, webauthn:extension:credBlob: true, webauthn:extension:largeBlob: true, webauthn:extension:minPinLength: true, webauthn:extension:prf: true, webauthn:virtualAuthenticators: true}
Session ID: cfbf8d22f9158fc5c0603cb7cda232f2">
      <![CDATA[org.openqa.selenium.NoSuchElementException: no such element: Unable to locate element: {"method":"xpath","selector":"//div[@class='u-text--bold text-alpha']"}
  (Session info: chrome=118.0.5993.71)
For documentation on this error, please visit: https://www.selenium.dev/documentation/webdriver/troubleshooting/errors#no-such-element-exception
Build info: version: '4.17.0', revision: 'e52b1be057*'
System info: os.name: 'Windows 11', os.arch: 'amd64', os.version: '10.0', java.version: '17.0.2'
Driver info: org.openqa.selenium.chrome.ChromeDriver
Command: [cfbf8d22f9158fc5c0603cb7cda232f2, findElement {value=//div[@class='u-text--bold text-alpha'], using=xpath}]
Capabilities {acceptInsecureCerts: false, browserName: chrome, browserVersion: 118.0.5993.71, chrome: {chromedriverVersion: 118.0.5993.70 (e52f33f30b91..., userDataDir: C:\Windows\SystemTemp\scope...}, fedcm:accounts: true, goog:chromeOptions: {debuggerAddress: localhost:61850}, networkConnectionEnabled: false, pageLoadStrategy: normal, platformName: windows, proxy: Proxy(), se:cdp: ws://localhost:61850/devtoo..., se:cdpVersion: 118.0.5993.71, setWindowRect: true, strictFileInteractability: false, timeouts: {implicit: 0, pageLoad: 300000, script: 30000}, unhandledPromptBehavior: dismiss and notify, webauthn:extension:credBlob: true, webauthn:extension:largeBlob: true, webauthn:extension:minPinLength: true, webauthn:extension:prf: true, webauthn:virtualAuthenticators: true}
Session ID: cfbf8d22f9158fc5c0603cb7cda232f2
at org.openqa.selenium.remote.codec.w3c.W3CHttpResponseCodec.createException(W3CHttpResponseCodec.java:185)
at org.openqa.selenium.remote.codec.w3c.W3CHttpResponseCodec.decode(W3CHttpResponseCodec.java:134)
at org.openqa.selenium.remote.codec.w3c.W3CHttpResponseCodec.decode(W3CHttpResponseCodec.java:51)
at org.openqa.selenium.remote.HttpCommandExecutor.execute(HttpCommandExecutor.java:190)
at org.openqa.selenium.remote.service.DriverCommandExecutor.invokeExecute(DriverCommandExecutor.java:216)
at org.openqa.selenium.remote.service.DriverCommandExecutor.execute(DriverCommandExecutor.java:174)
at org.openqa.selenium.remote.RemoteWebDriver.execute(RemoteWebDriver.java:519)
at org.openqa.selenium.remote.ElementLocation$ElementFinder$2.findElement(ElementLocation.java:165)
at org.openqa.selenium.remote.ElementLocation.findElement(ElementLocation.java:59)
at org.openqa.selenium.remote.RemoteWebDriver.findElement(RemoteWebDriver.java:356)
at org.openqa.selenium.remote.RemoteWebDriver.findElement(RemoteWebDriver.java:350)
at org.openqa.selenium.support.pagefactory.DefaultElementLocator.findElement(DefaultElementLocator.java:68)
at org.openqa.selenium.support.pagefactory.internal.LocatingElementHandler.invoke(LocatingElementHandler.java:38)
at jdk.proxy2/jdk.proxy2.$Proxy29.getText(Unknown Source)
at pageObjects.CorporateWellness.Submit_Button(CorporateWellness.java:72)
at TestCases.TC_04_CorporateWellness.ClickSubmit(TC_04_CorporateWellness.java:39)
at java.base/java.util.ArrayList.forEach(ArrayList.java:1511)
... Removed 32 stack frames]]>
    </failure>
  </testcase> <!-- ClickSubmit -->
  <testcase classname="factory.BaseClass" name="@BeforeTest setUp" time="0.0">
    <ignored/>
  </testcase> <!-- @BeforeTest setUp -->
  <testcase classname="factory.BaseClass" name="@AfterTest tearDown" time="0.0">
    <ignored/>
  </testcase> <!-- @AfterTest tearDown -->
  <testcase classname="factory.BaseClass" name="@BeforeTest setUp" time="0.0">
    <ignored/>
  </testcase> <!-- @BeforeTest setUp -->
  <testcase classname="factory.BaseClass" name="@AfterTest tearDown" time="0.0">
    <ignored/>
  </testcase> <!-- @AfterTest tearDown -->
  <testcase classname="factory.BaseClass" name="@AfterTest tearDown" time="0.0">
    <ignored/>
  </testcase> <!-- @AfterTest tearDown -->
  <testcase classname="factory.BaseClass" name="@BeforeTest setUp" time="0.0">
    <ignored/>
  </testcase> <!-- @BeforeTest setUp -->
</testsuite> <!-- CTest -->
